<?xml version="1.0" encoding="UTF-8"?>
<testng-results skipped="0" failed="0" ignored="0" total="1" passed="1">
  <reporter-output>
  </reporter-output>
  <suite name="Default suite" duration-ms="75" started-at="2021-09-23T11:15:56 IST" finished-at="2021-09-23T11:15:56 IST">
    <groups>
    </groups>
    <test name="Default test" duration-ms="75" started-at="2021-09-23T11:15:56 IST" finished-at="2021-09-23T11:15:56 IST">
      <class name="maven.demoprj.NewTest">
        <test-method status="PASS" signature="f()[pri:0, instance:maven.demoprj.NewTest@a7e666]" name="f" duration-ms="13" started-at="2021-09-23T11:15:56 IST" finished-at="2021-09-23T11:15:56 IST">
          <reporter-output>
          </reporter-output>
        </test-method> <!-- f -->
      </class> <!-- maven.demoprj.NewTest -->
    </test> <!-- Default test -->
  </suite> <!-- Default suite -->
</testng-results>
